


ARM Macro Assembler    Page 1 


    1 00000000         ; ******************************************************
                       ***************************************************
    2 00000000         ;     Copyright (c) 2023, Nations Technologies Inc.
    3 00000000         ; 
    4 00000000         ;     All rights reserved.
    5 00000000         ;
    6 00000000         ;     This software is the exclusive property of Nations
                        Technologies Inc. (Hereinafter 
    7 00000000         ; referred to as NATIONS). This software, and the produc
                       t of NATIONS described herein 
    8 00000000         ; (Hereinafter referred to as the Product) are owned by 
                       NATIONS under the laws and treaties
    9 00000000         ; of the People's Republic of China and other applicable
                        jurisdictions worldwide.
   10 00000000         ;
   11 00000000         ;     NATIONS does not grant any license under its paten
                       ts, copyrights, trademarks, or other 
   12 00000000         ; intellectual property rights. Names and brands of thir
                       d party may be mentioned or referred 
   13 00000000         ; thereto (if any) for identification purposes only.
   14 00000000         ;
   15 00000000         ;     NATIONS reserves the right to make changes, correc
                       tions, enhancements, modifications, and 
   16 00000000         ; improvements to this software at any time without noti
                       ce. Please contact NATIONS and obtain 
   17 00000000         ; the latest version of this software before placing ord
                       ers.
   18 00000000         
   19 00000000         ;     Although NATIONS has attempted to provide accurate
                        and reliable information, NATIONS assumes 
   20 00000000         ; no responsibility for the accuracy and reliability of 
                       this software.
   21 00000000         ; 
   22 00000000         ;     It is the responsibility of the user of this softw
                       are to properly design, program, and test 
   23 00000000         ; the functionality and safety of any application made o
                       f this information and any resulting product. 
   24 00000000         ; In no event shall NATIONS be liable for any direct, in
                       direct, incidental, special,exemplary, or 
   25 00000000         ; consequential damages arising in any way out of the us
                       e of this software or the Product.
   26 00000000         ;
   27 00000000         ;     NATIONS Products are neither intended nor warrante
                       d for usage in systems or equipment, any
   28 00000000         ; malfunction or failure of which may cause loss of huma
                       n life, bodily injury or severe property 
   29 00000000         ; damage. Such applications are deemed, "Insecure Usage"
                       .
   30 00000000         ;
   31 00000000         ;     All Insecure Usage shall be made at user's risk. U
                       ser shall indemnify NATIONS and hold NATIONS 
   32 00000000         ; harmless from and against all claims, costs, damages, 
                       and other liabilities, arising from or related 
   33 00000000         ; to any customer's Insecure Usage.
   34 00000000         
   35 00000000         ;     Any express or implied warranty with regard to thi
                       s software or the Product, including,but not 
   36 00000000         ; limited to, the warranties of merchantability, fitness
                        for a particular purpose and non-infringement



ARM Macro Assembler    Page 2 


   37 00000000         ; are disclaimed to the fullest extent permitted by law.
                       
   38 00000000         
   39 00000000         ;     Unless otherwise explicitly permitted by NATIONS, 
                       anyone may not duplicate, modify, transcribe
   40 00000000         ; or otherwise distribute this software for any purposes
                       , in whole or in part.
   41 00000000         ;
   42 00000000         ;     NATIONS products and technologies shall not be use
                       d for or incorporated into any products or systems
   43 00000000         ; whose manufacture, use, or sale is prohibited under an
                       y applicable domestic or foreign laws or regulations. 
   44 00000000         ; User shall comply with any applicable export control l
                       aws and regulations promulgated and administered by 
   45 00000000         ; the governments of any countries asserting jurisdictio
                       n over the parties or transactions.
   46 00000000         ; ******************************************************
                       ******************************************************
   47 00000000         
   48 00000000         ; Amount of memory (in bytes) allocated for Stack
   49 00000000         ; Tailor this value to your application needs
   50 00000000         ; <h> Stack Configuration
   51 00000000         ;   <o> Stack Size (in Bytes) <0x0-0xFFFFFFFF:8>
   52 00000000         ; </h>
   53 00000000         
   54 00000000 00001000 
                       Stack_Size
                               EQU              0x0001000
   55 00000000         
   56 00000000                 AREA             STACK, NOINIT, READWRITE, ALIGN
=3
   57 00000000         Stack_Mem
                               SPACE            Stack_Size
   58 00001000         __initial_sp
   59 00001000         
   60 00001000         ; <h> Heap Configuration
   61 00001000         ;   <o>  Heap Size (in Bytes) <0x0-0xFFFFFFFF:8>
   62 00001000         ; </h>
   63 00001000         
   64 00001000 00000200 
                       Heap_Size
                               EQU              0x00000200
   65 00001000         
   66 00001000                 AREA             HEAP, NOINIT, READWRITE, ALIGN=
3
   67 00000000         __heap_base
   68 00000000         Heap_Mem
                               SPACE            Heap_Size
   69 00000200         __heap_limit
   70 00000200         
   71 00000200                 PRESERVE8
   72 00000200                 THUMB
   73 00000200         
   74 00000200         
   75 00000200         ; Vector Table Mapped to Address 0 at Reset
   76 00000200                 AREA             RESET, DATA, READONLY
   77 00000000                 EXPORT           __Vectors
   78 00000000                 EXPORT           __Vectors_End
   79 00000000                 EXPORT           __Vectors_Size



ARM Macro Assembler    Page 3 


   80 00000000         
   81 00000000         
   82 00000000         
   83 00000000         
   84 00000000 00000000 
                       __Vectors
                               DCD              __initial_sp ; Top of Stack
   85 00000004 00000000        DCD              Reset_Handler ; Reset Handler
   86 00000008 00000000        DCD              NMI_Handler ; NMI Handler
   87 0000000C 00000000        DCD              HardFault_Handler ; Hard Fault 
                                                            Handler
   88 00000010 00000000        DCD              MemManage_Handler 
                                                            ; MPU Fault Handler
                                                            
   89 00000014 00000000        DCD              BusFault_Handler 
                                                            ; Bus Fault Handler
                                                            
   90 00000018 00000000        DCD              UsageFault_Handler ; Usage Faul
                                                            t Handler
   91 0000001C 00000000        DCD              0           ; Reserved
   92 00000020 00000000        DCD              0           ; Reserved
   93 00000024 00000000        DCD              0           ; Reserved
   94 00000028 00000000        DCD              0           ; Reserved
   95 0000002C 00000000        DCD              SVC_Handler ; SVCall Handler
   96 00000030 00000000        DCD              DebugMon_Handler ; Debug Monito
                                                            r Handler
   97 00000034 00000000        DCD              0           ; Reserved
   98 00000038 00000000        DCD              PendSV_Handler ; PendSV Handler
                                                            
   99 0000003C 00000000        DCD              SysTick_Handler 
                                                            ; SysTick Handler
  100 00000040         
  101 00000040         
  102 00000040         
  103 00000040         ; External Interrupts
  104 00000040 00000000        DCD              WWDG_IRQHandler ;Window watchdo
                                                            g interrupt
  105 00000044 00000000        DCD              PVD_IRQHandler ;PVD through EXT
                                                            I Line16 detection 
                                                            interrupt
  106 00000048 00000000        DCD              RTC_TAMPER_IRQHandler ;RTC Tamp
                                                            er or LSE-CSS throu
                                                            gh EXTI Line19 inte
                                                            rrupt
  107 0000004C 00000000        DCD              RTC_WKUP_IRQHandler ;RTC Wakeup
                                                             timer through EXTI
                                                             line 20 interrupt
  108 00000050 00000000        DCD              FLASH_IRQHandler ;Flash global 
                                                            interrupt
  109 00000054 00000000        DCD              RCC_IRQHandler ;RCC global inte
                                                            rrupt
  110 00000058 00000000        DCD              EXTI0_IRQHandler ;EXTI Line0 in
                                                            terrupt
  111 0000005C 00000000        DCD              EXTI1_IRQHandler ;EXTI Line1 in
                                                            terrupt
  112 00000060 00000000        DCD              EXTI2_IRQHandler ;EXTI Line2 in
                                                            terrupt
  113 00000064 00000000        DCD              EXTI3_IRQHandler ;EXTI Line3 in
                                                            terrupt



ARM Macro Assembler    Page 4 


  114 00000068 00000000        DCD              EXTI4_IRQHandler ;EXTI Line4 in
                                                            terrupt
  115 0000006C 00000000        DCD              DMA1_Channel1_IRQHandler ;DMA1 
                                                            Channel1 global int
                                                            errupt
  116 00000070 00000000        DCD              DMA1_Channel2_IRQHandler ;DMA1 
                                                            Channel2 global int
                                                            errupt
  117 00000074 00000000        DCD              DMA1_Channel3_IRQHandler ;DMA1 
                                                            Channel3 global int
                                                            errupt
  118 00000078 00000000        DCD              DMA1_Channel4_IRQHandler ;DMA1 
                                                            Channel4 global int
                                                            errupt
  119 0000007C 00000000        DCD              DMA1_Channel5_IRQHandler ;DMA1 
                                                            Channel5 global int
                                                            errupt
  120 00000080 00000000        DCD              DMA1_Channel6_IRQHandler ;DMA1 
                                                            Channel6 global int
                                                            errupt
  121 00000084 00000000        DCD              DMA1_Channel7_IRQHandler ;DMA1 
                                                            Channel7 global int
                                                            errupt
  122 00000088 00000000        DCD              ADC1_2_IRQHandler ;ADC1 and ADC
                                                            2 global interrupt
  123 0000008C 00000000        DCD              USB_FS_HP_IRQHandler ;USB FS De
                                                            vice High Priority 
                                                            interrupts
  124 00000090 00000000        DCD              USB_FS_LP_IRQHandler ;USB FS De
                                                            vice Low Priority i
                                                            nterrupts
  125 00000094 00000000        DCD              FDCAN1_INT0_IRQHandler ;FDCAN1 
                                                            interrupt LINE 0
  126 00000098 00000000        DCD              FDCAN1_INT1_IRQHandler ;FDCAN1 
                                                            interrupt LINE 1
  127 0000009C 00000000        DCD              EXTI9_5_IRQHandler ;EXTI Line[9
                                                            :5] interrupts
  128 000000A0 00000000        DCD              ATIM1_BRK_IRQHandler ;ATIM1 Bre
                                                            ak interrupt
  129 000000A4 00000000        DCD              ATIM1_UP_IRQHandler ;ATIM1 Upda
                                                            te interrupt
  130 000000A8 00000000        DCD              ATIM1_TRG_COM_IRQHandler ;ATIM1
                                                             Trigger and Commut
                                                            ation interrupt
  131 000000AC 00000000        DCD              ATIM1_CC_IRQHandler ;ATIM1 Capt
                                                            ure Compare interru
                                                            pt
  132 000000B0 00000000        DCD              GTIM1_IRQHandler ;GTIM1 global 
                                                            interrupt
  133 000000B4 00000000        DCD              GTIM2_IRQHandler ;GTIM2 global 
                                                            interrupt
  134 000000B8 00000000        DCD              GTIM3_IRQHandler ;GTIM3 global 
                                                            interrupt
  135 000000BC 00000000        DCD              I2C1_EV_IRQHandler ;I2C1 event 
                                                            interrupt
  136 000000C0 00000000        DCD              I2C1_ER_IRQHandler ;I2C1 error 
                                                            interrupt
  137 000000C4 00000000        DCD              I2C2_EV_IRQHandler ;I2C2 event 
                                                            interrupt



ARM Macro Assembler    Page 5 


  138 000000C8 00000000        DCD              I2C2_ER_IRQHandler ;I2C2 error 
                                                            interrupt
  139 000000CC 00000000        DCD              SPI1_IRQHandler ;SPI1 global in
                                                            terrupt
  140 000000D0 00000000        DCD              SPI2_I2S2_IRQHandler ;SPI2/I2S2
                                                             global interrupt
  141 000000D4 00000000        DCD              USART1_IRQHandler ;USART1 globa
                                                            l interrupt
  142 000000D8 00000000        DCD              USART2_IRQHandler ;USART2 globa
                                                            l interrupt
  143 000000DC 00000000        DCD              USART3_IRQHandler ;USART3 globa
                                                            l interrupt
  144 000000E0 00000000        DCD              EXTI15_10_IRQHandler ;EXTI Line
                                                            [15:10] interrupts
  145 000000E4 00000000        DCD              RTCAlarm_IRQHandler ;RTC alarm 
                                                            through EXTI line17
                                                             interrupt
  146 000000E8 00000000        DCD              USB_FS_WKUP_IRQHandler ;USB FS 
                                                            Device wakeup from 
                                                            suspend through EXT
                                                            I line18 interrupt
  147 000000EC 00000000        DCD              ATIM2_BRK_IRQHandler ;ATIM2 Bre
                                                            ak interrupt
  148 000000F0 00000000        DCD              ATIM2_UP_IRQHandler ;ATIM2 Upda
                                                            te interrupt
  149 000000F4 00000000        DCD              ATIM2_TRG_COM_IRQHandler ;ATIM2
                                                             Trigger and Commut
                                                            ation interrupts
  150 000000F8 00000000        DCD              ATIM2_CC_IRQHandler ;ATIM2 Capt
                                                            ure Compare interru
                                                            pt
  151 000000FC 00000000        DCD              ADC3_ADC4_IRQHandler ;ADC3_ADC4
                                                             global interrupt
  152 00000100 00000000        DCD              UCDR_IRQHandler ;UCDR error int
                                                            errupt
  153 00000104 00000000        DCD              SDIO_IRQHandler ;SDIO global in
                                                            terrupt
  154 00000108 00000000        DCD              GTIM4_IRQHandler ;GTIM4 global 
                                                            interrupt
  155 0000010C 00000000        DCD              SPI3_I2S3_IRQHandler ;SPI3/I2S3
                                                             global interrupt
  156 00000110 00000000        DCD              USART4_IRQHandler ;USART4 globa
                                                            l interrupt
  157 00000114 00000000        DCD              UART5_IRQHandler ;UART5 global 
                                                            interrupt
  158 00000118 00000000        DCD              BTIM1_IRQHandler ;BTIM1 global 
                                                            interrupt
  159 0000011C 00000000        DCD              BTIM2_IRQHandler ;BTIM2 global 
                                                            interrupt
  160 00000120 00000000        DCD              DMA2_Channel1_IRQHandler ;DMA2 
                                                            Channel1 global int
                                                            errupt
  161 00000124 00000000        DCD              DMA2_Channel2_IRQHandler ;DMA2 
                                                            Channel2 global int
                                                            errupt
  162 00000128 00000000        DCD              DMA2_Channel3_IRQHandler ;DMA2 
                                                            Channel3 global int
                                                            errupt
  163 0000012C 00000000        DCD              DMA2_Channel4_IRQHandler ;DMA2 



ARM Macro Assembler    Page 6 


                                                            Channel4 global int
                                                            errupt
  164 00000130 00000000        DCD              DMA2_Channel5_IRQHandler ;DMA2 
                                                            Channel5 global int
                                                            errupt
  165 00000134 00000000        DCD              SRAM_ERR_IRQHandler 
                                                            ;SRAM ECC error
  166 00000138 00000000        DCD              0           ;Reserved
  167 0000013C 00000000        DCD              FDCAN2_INT0_IRQHandler 
                                                            ;FDCAN2 interrupt 0
                                                            
  168 00000140 00000000        DCD              FDCAN2_INT1_IRQHandler 
                                                            ;FDCAN2 interrupt 1
                                                            
  169 00000144 00000000        DCD              FDCAN3_INT0_IRQHandler 
                                                            ;FDCAN3 interrupt 0
                                                            
  170 00000148 00000000        DCD              FDCAN3_INT1_IRQHandler 
                                                            ;FDCAN3 interrupt 1
                                                            
  171 0000014C 00000000        DCD              XSPI_IRQHandler ;XSPI global in
                                                            terrupt
  172 00000150 00000000        DCD              DMA2_Channel6_IRQHandler ;DMA2 
                                                            Channel6 global int
                                                            errupt
  173 00000154 00000000        DCD              DMA2_Channel7_IRQHandler ;DMA2 
                                                            Channel7 global int
                                                            errupt
  174 00000158 00000000        DCD              I2C3_EV_IRQHandler ;I2C3 event 
                                                            interrupt
  175 0000015C 00000000        DCD              I2C3_ER_IRQHandler ;I2C3 error 
                                                            interrupt
  176 00000160 00000000        DCD              I2C4_EV_IRQHandler ;I2C4 event 
                                                            interrupt
  177 00000164 00000000        DCD              I2C4_ER_IRQHandler ;I2C4 error 
                                                            interrupt
  178 00000168 00000000        DCD              UART6_IRQHandler ;UART6 global 
                                                            interrupt
  179 0000016C 00000000        DCD              UART7_IRQHandler ;UART7 global 
                                                            interrupt
  180 00000170 00000000        DCD              DMA1_Channel8_IRQHandler ;DMA1 
                                                            Channel8 global int
                                                            errupt
  181 00000174 00000000        DCD              DMA2_Channel8_IRQHandler ;DMA2 
                                                            Channel8 global int
                                                            errupt
  182 00000178 00000000        DCD              DVP_IRQHandler ;DVP global inte
                                                            rrupt
  183 0000017C 00000000        DCD              SAC_IRQHandler ;SAC global inte
                                                            rrupt
  184 00000180 00000000        DCD              SMPU_IRQHandler ;SMPU global in
                                                            terrupt
  185 00000184 00000000        DCD              0           ;Reserved
  186 00000188 00000000        DCD              USB_HS_EPx_OUT_IRQHandler ;need
                                                             check to user manu
                                                            al of exti chapter 
                                                             USB HS End Point 1
                                                             Out global interru
                                                            pt



ARM Macro Assembler    Page 7 


  187 0000018C 00000000        DCD              USB_HS_EPx_IN_IRQHandler ;need 
                                                            check to user manua
                                                            l of exti chapter  
                                                            USB HS End Point 1 
                                                            Inglobal interrupt
  188 00000190 00000000        DCD              USB_HS_WKUP_IRQHandler ;need ch
                                                            eck to user manual 
                                                            of exti chapter  US
                                                            B HS wakeup from su
                                                            spend through EXTI 
                                                            line23 interrupt
  189 00000194 00000000        DCD              UART8_IRQHandler ;USART8 global
                                                             interrupt
  190 00000198 00000000        DCD              SPI4_IRQHandler ;SPI4 global in
                                                            terrupt
  191 0000019C 00000000        DCD              ETH_IRQHandler ;Ethernet global
                                                             interrupt
  192 000001A0 00000000        DCD              ETH_WKUP_IRQHandler ;Ethernet W
                                                            akeup through EXTI 
                                                            Line 27 interrupt
  193 000001A4 00000000        DCD              GTIM5_IRQHandler ;GTIM5 global 
                                                            interrupt
  194 000001A8 00000000        DCD              0           ;Reserved
  195 000001AC 00000000        DCD              0           ;Reserved
  196 000001B0 00000000        DCD              0           ;Reserved
  197 000001B4 00000000        DCD              0           ;Reserved
  198 000001B8 00000000        DCD              0           ;Reserved
  199 000001BC 00000000        DCD              0           ;Reserved
  200 000001C0 00000000        DCD              0           ;Reserved
  201 000001C4 00000000        DCD              0           ;Reserved
  202 000001C8 00000000        DCD              0           ;Reserved
  203 000001CC 00000000        DCD              ATIM3_BRK_IRQHandler ;ATIM3 Bre
                                                            ak interrupt
  204 000001D0 00000000        DCD              ATIM3_UP_IRQHandler ;ATIM3 Upda
                                                            te interrupt
  205 000001D4 00000000        DCD              ATIM3_TRG_COM_IRQHandler ;ATIM3
                                                             Trigger and Commut
                                                            ation interrupts
  206 000001D8 00000000        DCD              ATIM3_CC_IRQHandler ;ATIM3 Capt
                                                            ure Compare interru
                                                            pt
  207 000001DC 00000000        DCD              GTIM6_IRQHandler ;GTIM6 global 
                                                            interrupt
  208 000001E0 00000000        DCD              LPTIM1_WKUP_IRQHandler ;LPTIM1 
                                                            wakeup through EXTI
                                                             Line 25 interrup i
                                                            nterrupt
  209 000001E4 00000000        DCD              LPTIM2_WKUP_IRQHandler ;LPTIM2 
                                                            wakeup through EXTI
                                                             Line 26 interrup i
                                                            nterrupt
  210 000001E8 00000000        DCD              FMAC_IRQ_IRQHandler ;FMAC globa
                                                            l interrupt
  211 000001EC 00000000        DCD              Cordic_IRQ_IRQHandler ;Cordic g
                                                            lobal interrupt
  212 000001F0 00000000        DCD              SPI5_IRQHandler ;SPI5 global in
                                                            terrupt
  213 000001F4 00000000        DCD              SPI6_IRQHandler ;SPI6 global in
                                                            terrupt



ARM Macro Assembler    Page 8 


  214 000001F8 00000000        DCD              GTIM7_IRQHandler ;GTIM7 global 
                                                            interrupt
  215 000001FC 00000000        DCD              GTIM8_IRQHandler ;GTIM8 global 
                                                            interrupt
  216 00000200 00000000        DCD              GTIM9_IRQHandler ;GTIM9 global 
                                                            interrupt
  217 00000204 00000000        DCD              GTIM10_IRQHandler ;GTIM10 globa
                                                            l interrupt
  218 00000208 00000000        DCD              DAC1_2_3_4_Underflow_IRQHandler
 
                                                            ;DAC1/2/3/4 underfl
                                                            ow interrupt
  219 0000020C 00000000        DCD              DAC5_6_7_8_Underflow_IRQHandler
 
                                                            ;DAC5/6/7/8 underfl
                                                            ow interrupt
  220 00000210 00000000        DCD              USB_HS_IRQHandler ;USB HS globa
                                                            l interrupt 
  221 00000214 00000000        DCD              FEMC_IRQHandler ;FEMC nand inte
                                                            rrupt 
  222 00000218         ;need check to user manual of exti chapter 
  223 00000218         
  224 00000218         
  225 00000218         __Vectors_End
  226 00000218         
  227 00000218 00000218 
                       __Vectors_Size
                               EQU              __Vectors_End - __Vectors
  228 00000218         
  229 00000218                 AREA             |.text|, CODE, READONLY
  230 00000000         
  231 00000000         ; Reset handler
  232 00000000         Reset_Handler
                               PROC
  233 00000000                 EXPORT           Reset_Handler             [WEAK
]
  234 00000000                 IMPORT           __main
  235 00000000                 IMPORT           SystemInit
  236 00000000 4809            LDR              R0, =SystemInit
  237 00000002 4780            BLX              R0
  238 00000004 4809            LDR              R0, =__main
  239 00000006 4700            BX               R0
  240 00000008                 ENDP
  241 00000008         
  242 00000008         ; Dummy Exception Handlers (infinite loops which can be 
                       modified)
  243 00000008         
  244 00000008         NMI_Handler
                               PROC
  245 00000008                 EXPORT           NMI_Handler                [WEA
K]
  246 00000008 E7FE            B                .
  247 0000000A                 ENDP
  249 0000000A         HardFault_Handler
                               PROC
  250 0000000A                 EXPORT           HardFault_Handler          [WEA
K]
  251 0000000A E7FE            B                .
  252 0000000C                 ENDP



ARM Macro Assembler    Page 9 


  254 0000000C         MemManage_Handler
                               PROC
  255 0000000C                 EXPORT           MemManage_Handler          [WEA
K]
  256 0000000C E7FE            B                .
  257 0000000E                 ENDP
  259 0000000E         BusFault_Handler
                               PROC
  260 0000000E                 EXPORT           BusFault_Handler           [WEA
K]
  261 0000000E E7FE            B                .
  262 00000010                 ENDP
  264 00000010         UsageFault_Handler
                               PROC
  265 00000010                 EXPORT           UsageFault_Handler         [WEA
K]
  266 00000010 E7FE            B                .
  267 00000012                 ENDP
  268 00000012         SVC_Handler
                               PROC
  269 00000012                 EXPORT           SVC_Handler                [WEA
K]
  270 00000012 E7FE            B                .
  271 00000014                 ENDP
  273 00000014         DebugMon_Handler
                               PROC
  274 00000014                 EXPORT           DebugMon_Handler           [WEA
K]
  275 00000014 E7FE            B                .
  276 00000016                 ENDP
  277 00000016         PendSV_Handler
                               PROC
  278 00000016                 EXPORT           PendSV_Handler             [WEA
K]
  279 00000016 E7FE            B                .
  280 00000018                 ENDP
  281 00000018         SysTick_Handler
                               PROC
  282 00000018                 EXPORT           SysTick_Handler            [WEA
K]
  283 00000018 E7FE            B                .
  284 0000001A                 ENDP
  285 0000001A         
  286 0000001A         Default_Handler
                               PROC
  287 0000001A         
  288 0000001A                 EXPORT           WWDG_IRQHandler                
  [WEAK]
  289 0000001A                 EXPORT           PVD_IRQHandler                 
  [WEAK]
  290 0000001A                 EXPORT           RTC_TAMPER_IRQHandler          
  [WEAK]
  291 0000001A                 EXPORT           RTC_WKUP_IRQHandler            
  [WEAK]
  292 0000001A                 EXPORT           FLASH_IRQHandler               
  [WEAK]
  293 0000001A                 EXPORT           RCC_IRQHandler                 
  [WEAK]
  294 0000001A                 EXPORT           EXTI0_IRQHandler               



ARM Macro Assembler    Page 10 


  [WEAK]
  295 0000001A                 EXPORT           EXTI1_IRQHandler               
  [WEAK]
  296 0000001A                 EXPORT           EXTI2_IRQHandler               
  [WEAK]
  297 0000001A                 EXPORT           EXTI3_IRQHandler               
  [WEAK]
  298 0000001A                 EXPORT           EXTI4_IRQHandler               
  [WEAK]
  299 0000001A                 EXPORT           DMA1_Channel1_IRQHandler       
  [WEAK]
  300 0000001A                 EXPORT           DMA1_Channel2_IRQHandler       
  [WEAK]
  301 0000001A                 EXPORT           DMA1_Channel3_IRQHandler       
  [WEAK]
  302 0000001A                 EXPORT           DMA1_Channel4_IRQHandler       
  [WEAK]
  303 0000001A                 EXPORT           DMA1_Channel5_IRQHandler       
  [WEAK]
  304 0000001A                 EXPORT           DMA1_Channel6_IRQHandler       
  [WEAK]
  305 0000001A                 EXPORT           DMA1_Channel7_IRQHandler       
  [WEAK]
  306 0000001A                 EXPORT           ADC1_2_IRQHandler              
  [WEAK]
  307 0000001A                 EXPORT           USB_FS_HP_IRQHandler           
  [WEAK]
  308 0000001A                 EXPORT           USB_FS_LP_IRQHandler           
  [WEAK]
  309 0000001A                 EXPORT           FDCAN1_INT0_IRQHandler         
  [WEAK]
  310 0000001A                 EXPORT           FDCAN1_INT1_IRQHandler         
  [WEAK]
  311 0000001A                 EXPORT           EXTI9_5_IRQHandler             
  [WEAK]
  312 0000001A                 EXPORT           ATIM1_BRK_IRQHandler           
  [WEAK]
  313 0000001A                 EXPORT           ATIM1_UP_IRQHandler            
  [WEAK]
  314 0000001A                 EXPORT           ATIM1_TRG_COM_IRQHandler       
  [WEAK]
  315 0000001A                 EXPORT           ATIM1_CC_IRQHandler            
  [WEAK]
  316 0000001A                 EXPORT           GTIM1_IRQHandler               
  [WEAK]
  317 0000001A                 EXPORT           GTIM2_IRQHandler               
  [WEAK]
  318 0000001A                 EXPORT           GTIM3_IRQHandler               
  [WEAK]
  319 0000001A                 EXPORT           I2C1_EV_IRQHandler             
  [WEAK]
  320 0000001A                 EXPORT           I2C1_ER_IRQHandler             
  [WEAK]
  321 0000001A                 EXPORT           I2C2_EV_IRQHandler             
  [WEAK]
  322 0000001A                 EXPORT           I2C2_ER_IRQHandler             
  [WEAK]
  323 0000001A                 EXPORT           SPI1_IRQHandler                
  [WEAK]



ARM Macro Assembler    Page 11 


  324 0000001A                 EXPORT           SPI2_I2S2_IRQHandler           
  [WEAK]
  325 0000001A                 EXPORT           USART1_IRQHandler              
  [WEAK]
  326 0000001A                 EXPORT           USART2_IRQHandler              
  [WEAK]
  327 0000001A                 EXPORT           USART3_IRQHandler              
  [WEAK]
  328 0000001A                 EXPORT           EXTI15_10_IRQHandler           
  [WEAK]
  329 0000001A                 EXPORT           RTCAlarm_IRQHandler            
  [WEAK]
  330 0000001A                 EXPORT           USB_FS_WKUP_IRQHandler         
  [WEAK]
  331 0000001A                 EXPORT           ATIM2_BRK_IRQHandler           
  [WEAK]
  332 0000001A                 EXPORT           ATIM2_UP_IRQHandler            
  [WEAK]
  333 0000001A                 EXPORT           ATIM2_TRG_COM_IRQHandler       
  [WEAK]
  334 0000001A                 EXPORT           ATIM2_CC_IRQHandler            
  [WEAK]
  335 0000001A                 EXPORT           ADC3_ADC4_IRQHandler           
  [WEAK]
  336 0000001A                 EXPORT           UCDR_IRQHandler                
  [WEAK]
  337 0000001A                 EXPORT           SDIO_IRQHandler                
  [WEAK]
  338 0000001A                 EXPORT           GTIM4_IRQHandler               
  [WEAK]
  339 0000001A                 EXPORT           SPI3_I2S3_IRQHandler           
  [WEAK]
  340 0000001A                 EXPORT           USART4_IRQHandler              
  [WEAK]
  341 0000001A                 EXPORT           UART5_IRQHandler               
  [WEAK]
  342 0000001A                 EXPORT           BTIM1_IRQHandler               
  [WEAK]
  343 0000001A                 EXPORT           BTIM2_IRQHandler               
  [WEAK]
  344 0000001A                 EXPORT           DMA2_Channel1_IRQHandler       
  [WEAK]
  345 0000001A                 EXPORT           DMA2_Channel2_IRQHandler       
  [WEAK]
  346 0000001A                 EXPORT           DMA2_Channel3_IRQHandler       
  [WEAK]
  347 0000001A                 EXPORT           DMA2_Channel4_IRQHandler       
  [WEAK]
  348 0000001A                 EXPORT           DMA2_Channel5_IRQHandler       
  [WEAK]
  349 0000001A                 EXPORT           SRAM_ERR_IRQHandler            
  [WEAK]
  350 0000001A                 EXPORT           FDCAN2_INT0_IRQHandler         
  [WEAK]
  351 0000001A                 EXPORT           FDCAN2_INT1_IRQHandler         
  [WEAK]
  352 0000001A                 EXPORT           FDCAN3_INT0_IRQHandler         
  [WEAK]
  353 0000001A                 EXPORT           FDCAN3_INT1_IRQHandler         



ARM Macro Assembler    Page 12 


  [WEAK]
  354 0000001A                 EXPORT           XSPI_IRQHandler                
  [WEAK]
  355 0000001A                 EXPORT           DMA2_Channel6_IRQHandler       
  [WEAK]
  356 0000001A                 EXPORT           DMA2_Channel7_IRQHandler       
  [WEAK]
  357 0000001A                 EXPORT           I2C3_EV_IRQHandler             
  [WEAK]
  358 0000001A                 EXPORT           I2C3_ER_IRQHandler             
  [WEAK]
  359 0000001A                 EXPORT           I2C4_EV_IRQHandler             
  [WEAK]
  360 0000001A                 EXPORT           I2C4_ER_IRQHandler             
  [WEAK]
  361 0000001A                 EXPORT           UART6_IRQHandler               
  [WEAK]
  362 0000001A                 EXPORT           UART7_IRQHandler               
  [WEAK]
  363 0000001A                 EXPORT           DMA1_Channel8_IRQHandler       
  [WEAK]
  364 0000001A                 EXPORT           DMA2_Channel8_IRQHandler       
  [WEAK]
  365 0000001A                 EXPORT           DVP_IRQHandler                 
  [WEAK]
  366 0000001A                 EXPORT           SAC_IRQHandler                 
  [WEAK]
  367 0000001A                 EXPORT           SMPU_IRQHandler                
  [WEAK]
  368 0000001A                 EXPORT           USB_HS_EPx_OUT_IRQHandler      
   [WEAK]
  369 0000001A                 EXPORT           USB_HS_EPx_IN_IRQHandler       
  [WEAK]
  370 0000001A                 EXPORT           USB_HS_WKUP_IRQHandler       [W
EAK]
  371 0000001A                 EXPORT           UART8_IRQHandler               
  [WEAK]
  372 0000001A                 EXPORT           SPI4_IRQHandler                
  [WEAK]
  373 0000001A                 EXPORT           ETH_IRQHandler                 
  [WEAK]
  374 0000001A                 EXPORT           ETH_WKUP_IRQHandler            
  [WEAK]
  375 0000001A                 EXPORT           GTIM5_IRQHandler               
  [WEAK]
  376 0000001A                 EXPORT           ATIM3_BRK_IRQHandler           
  [WEAK]
  377 0000001A                 EXPORT           ATIM3_UP_IRQHandler            
  [WEAK]
  378 0000001A                 EXPORT           ATIM3_TRG_COM_IRQHandler       
  [WEAK]
  379 0000001A                 EXPORT           ATIM3_CC_IRQHandler            
  [WEAK]
  380 0000001A                 EXPORT           GTIM6_IRQHandler               
  [WEAK]
  381 0000001A                 EXPORT           LPTIM1_WKUP_IRQHandler         
  [WEAK]
  382 0000001A                 EXPORT           LPTIM2_WKUP_IRQHandler         
  [WEAK]



ARM Macro Assembler    Page 13 


  383 0000001A                 EXPORT           FMAC_IRQ_IRQHandler            
  [WEAK]
  384 0000001A                 EXPORT           Cordic_IRQ_IRQHandler          
  [WEAK]
  385 0000001A                 EXPORT           SPI5_IRQHandler                
  [WEAK]
  386 0000001A                 EXPORT           SPI6_IRQHandler                
  [WEAK]
  387 0000001A                 EXPORT           GTIM7_IRQHandler               
  [WEAK]
  388 0000001A                 EXPORT           GTIM8_IRQHandler               
  [WEAK]
  389 0000001A                 EXPORT           GTIM9_IRQHandler               
  [WEAK]
  390 0000001A                 EXPORT           GTIM10_IRQHandler              
  [WEAK]
  391 0000001A                 EXPORT           DAC1_2_3_4_Underflow_IRQHandler
  [WEAK]
  392 0000001A                 EXPORT           DAC5_6_7_8_Underflow_IRQHandler
  [WEAK]
  393 0000001A                 EXPORT           USB_HS_IRQHandler              
  [WEAK]
  394 0000001A                 EXPORT           FEMC_IRQHandler                
  [WEAK]
  395 0000001A         WWDG_IRQHandler
  396 0000001A         PVD_IRQHandler
  397 0000001A         RTC_TAMPER_IRQHandler
  398 0000001A         RTC_WKUP_IRQHandler
  399 0000001A         FLASH_IRQHandler
  400 0000001A         RCC_IRQHandler
  401 0000001A         EXTI0_IRQHandler
  402 0000001A         EXTI1_IRQHandler
  403 0000001A         EXTI2_IRQHandler
  404 0000001A         EXTI3_IRQHandler
  405 0000001A         EXTI4_IRQHandler
  406 0000001A         DMA1_Channel1_IRQHandler
  407 0000001A         DMA1_Channel2_IRQHandler
  408 0000001A         DMA1_Channel3_IRQHandler
  409 0000001A         DMA1_Channel4_IRQHandler
  410 0000001A         DMA1_Channel5_IRQHandler
  411 0000001A         DMA1_Channel6_IRQHandler
  412 0000001A         DMA1_Channel7_IRQHandler
  413 0000001A         ADC1_2_IRQHandler
  414 0000001A         USB_FS_HP_IRQHandler
  415 0000001A         USB_FS_LP_IRQHandler
  416 0000001A         FDCAN1_INT0_IRQHandler
  417 0000001A         FDCAN1_INT1_IRQHandler
  418 0000001A         EXTI9_5_IRQHandler
  419 0000001A         ATIM1_BRK_IRQHandler
  420 0000001A         ATIM1_UP_IRQHandler
  421 0000001A         ATIM1_TRG_COM_IRQHandler
  422 0000001A         ATIM1_CC_IRQHandler
  423 0000001A         GTIM1_IRQHandler
  424 0000001A         GTIM2_IRQHandler
  425 0000001A         GTIM3_IRQHandler
  426 0000001A         I2C1_EV_IRQHandler
  427 0000001A         I2C1_ER_IRQHandler
  428 0000001A         I2C2_EV_IRQHandler
  429 0000001A         I2C2_ER_IRQHandler



ARM Macro Assembler    Page 14 


  430 0000001A         SPI1_IRQHandler
  431 0000001A         SPI2_I2S2_IRQHandler
  432 0000001A         USART1_IRQHandler
  433 0000001A         USART2_IRQHandler
  434 0000001A         USART3_IRQHandler
  435 0000001A         EXTI15_10_IRQHandler
  436 0000001A         RTCAlarm_IRQHandler
  437 0000001A         USB_FS_WKUP_IRQHandler
  438 0000001A         ATIM2_BRK_IRQHandler
  439 0000001A         ATIM2_UP_IRQHandler
  440 0000001A         ATIM2_TRG_COM_IRQHandler
  441 0000001A         ATIM2_CC_IRQHandler
  442 0000001A         ADC3_ADC4_IRQHandler
  443 0000001A         UCDR_IRQHandler
  444 0000001A         SDIO_IRQHandler
  445 0000001A         GTIM4_IRQHandler
  446 0000001A         SPI3_I2S3_IRQHandler
  447 0000001A         USART4_IRQHandler
  448 0000001A         UART5_IRQHandler
  449 0000001A         BTIM1_IRQHandler
  450 0000001A         BTIM2_IRQHandler
  451 0000001A         DMA2_Channel1_IRQHandler
  452 0000001A         DMA2_Channel2_IRQHandler
  453 0000001A         DMA2_Channel3_IRQHandler
  454 0000001A         DMA2_Channel4_IRQHandler
  455 0000001A         DMA2_Channel5_IRQHandler
  456 0000001A         SRAM_ERR_IRQHandler
  457 0000001A         FDCAN2_INT0_IRQHandler
  458 0000001A         FDCAN2_INT1_IRQHandler
  459 0000001A         FDCAN3_INT0_IRQHandler
  460 0000001A         FDCAN3_INT1_IRQHandler
  461 0000001A         XSPI_IRQHandler
  462 0000001A         DMA2_Channel6_IRQHandler
  463 0000001A         DMA2_Channel7_IRQHandler
  464 0000001A         I2C3_EV_IRQHandler
  465 0000001A         I2C3_ER_IRQHandler
  466 0000001A         I2C4_EV_IRQHandler
  467 0000001A         I2C4_ER_IRQHandler
  468 0000001A         UART6_IRQHandler
  469 0000001A         UART7_IRQHandler
  470 0000001A         DMA1_Channel8_IRQHandler
  471 0000001A         DMA2_Channel8_IRQHandler
  472 0000001A         DVP_IRQHandler
  473 0000001A         SAC_IRQHandler
  474 0000001A         SMPU_IRQHandler
  475 0000001A         USB_HS_EPx_OUT_IRQHandler
  476 0000001A         USB_HS_EPx_IN_IRQHandler
  477 0000001A         USB_HS_WKUP_IRQHandler
  478 0000001A         UART8_IRQHandler
  479 0000001A         SPI4_IRQHandler
  480 0000001A         ETH_IRQHandler
  481 0000001A         ETH_WKUP_IRQHandler
  482 0000001A         GTIM5_IRQHandler
  483 0000001A         ATIM3_BRK_IRQHandler
  484 0000001A         ATIM3_UP_IRQHandler
  485 0000001A         ATIM3_TRG_COM_IRQHandler
  486 0000001A         ATIM3_CC_IRQHandler
  487 0000001A         GTIM6_IRQHandler
  488 0000001A         LPTIM1_WKUP_IRQHandler



ARM Macro Assembler    Page 15 


  489 0000001A         LPTIM2_WKUP_IRQHandler
  490 0000001A         FMAC_IRQ_IRQHandler
  491 0000001A         Cordic_IRQ_IRQHandler
  492 0000001A         SPI5_IRQHandler
  493 0000001A         SPI6_IRQHandler
  494 0000001A         GTIM7_IRQHandler
  495 0000001A         GTIM8_IRQHandler
  496 0000001A         GTIM9_IRQHandler
  497 0000001A         GTIM10_IRQHandler
  498 0000001A         DAC1_2_3_4_Underflow_IRQHandler
  499 0000001A         DAC5_6_7_8_Underflow_IRQHandler
  500 0000001A         USB_HS_IRQHandler
  501 0000001A         FEMC_IRQHandler
  502 0000001A E7FE            B                .
  503 0000001C         
  504 0000001C                 ENDP
  505 0000001C         
  506 0000001C                 ALIGN
  507 0000001C         
  508 0000001C         ;*******************************************************
                       ************************
  509 0000001C         ; User Stack and Heap initialization
  510 0000001C         ;*******************************************************
                       ************************
  511 0000001C                 IF               :DEF:__MICROLIB
  518 0000001C         
  519 0000001C                 IMPORT           __use_two_region_memory
  520 0000001C                 EXPORT           __user_initial_stackheap
  521 0000001C         
  522 0000001C         __user_initial_stackheap
  523 0000001C         
  524 0000001C 4804            LDR              R0, =  Heap_Mem
  525 0000001E 4905            LDR              R1, =(Stack_Mem + Stack_Size)
  526 00000020 4A05            LDR              R2, = (Heap_Mem +  Heap_Size)
  527 00000022 4B06            LDR              R3, = Stack_Mem
  528 00000024 4770            BX               LR
  529 00000026         
  530 00000026 00 00           ALIGN
  531 00000028         
  532 00000028                 ENDIF
  533 00000028         
  534 00000028                 END
              00000000 
              00000000 
              00000000 
              00001000 
              00000200 
              00000000 
Command Line: --debug --xref --diag_suppress=9931 --cpu=Cortex-M4.fp --apcs=int
erwork --depend=.\objects\startup_n32h487.d -o.\objects\startup_n32h487.o -I.\R
TE\_N32H487 -ID:\Keil_v5\ARM\PACK\Nationstech\N32H48x_DFP\1.0.0\firmware\CMSIS\
device -ID:\Keil_v5\ARM\CMSIS\Include --predefine="__UVISION_VERSION SETA 525" 
--predefine="N32H48X SETA 1" --predefine="N32H48X SETA 1" --predefine="USE_STDP
ERIPH_DRIVER SETA 1" --list=.\listings\startup_n32h487.lst ..\CORE\startup_n32h
487.s



ARM Macro Assembler    Page 1 Alphabetic symbol ordering
Relocatable symbols

STACK 00000000

Symbol: STACK
   Definitions
      At line 56 in file ..\CORE\startup_n32h487.s
   Uses
      None
Comment: STACK unused
Stack_Mem 00000000

Symbol: Stack_Mem
   Definitions
      At line 57 in file ..\CORE\startup_n32h487.s
   Uses
      At line 525 in file ..\CORE\startup_n32h487.s
      At line 527 in file ..\CORE\startup_n32h487.s

__initial_sp 00001000

Symbol: __initial_sp
   Definitions
      At line 58 in file ..\CORE\startup_n32h487.s
   Uses
      At line 84 in file ..\CORE\startup_n32h487.s
Comment: __initial_sp used once
3 symbols



ARM Macro Assembler    Page 1 Alphabetic symbol ordering
Relocatable symbols

HEAP 00000000

Symbol: HEAP
   Definitions
      At line 66 in file ..\CORE\startup_n32h487.s
   Uses
      None
Comment: HEAP unused
Heap_Mem 00000000

Symbol: Heap_Mem
   Definitions
      At line 68 in file ..\CORE\startup_n32h487.s
   Uses
      At line 524 in file ..\CORE\startup_n32h487.s
      At line 526 in file ..\CORE\startup_n32h487.s

__heap_base 00000000

Symbol: __heap_base
   Definitions
      At line 67 in file ..\CORE\startup_n32h487.s
   Uses
      None
Comment: __heap_base unused
__heap_limit 00000200

Symbol: __heap_limit
   Definitions
      At line 69 in file ..\CORE\startup_n32h487.s
   Uses
      None
Comment: __heap_limit unused
4 symbols



ARM Macro Assembler    Page 1 Alphabetic symbol ordering
Relocatable symbols

RESET 00000000

Symbol: RESET
   Definitions
      At line 76 in file ..\CORE\startup_n32h487.s
   Uses
      None
Comment: RESET unused
__Vectors 00000000

Symbol: __Vectors
   Definitions
      At line 84 in file ..\CORE\startup_n32h487.s
   Uses
      At line 77 in file ..\CORE\startup_n32h487.s
      At line 227 in file ..\CORE\startup_n32h487.s

__Vectors_End 00000218

Symbol: __Vectors_End
   Definitions
      At line 225 in file ..\CORE\startup_n32h487.s
   Uses
      At line 78 in file ..\CORE\startup_n32h487.s
      At line 227 in file ..\CORE\startup_n32h487.s

3 symbols



ARM Macro Assembler    Page 1 Alphabetic symbol ordering
Relocatable symbols

.text 00000000

Symbol: .text
   Definitions
      At line 229 in file ..\CORE\startup_n32h487.s
   Uses
      None
Comment: .text unused
ADC1_2_IRQHandler 0000001A

Symbol: ADC1_2_IRQHandler
   Definitions
      At line 413 in file ..\CORE\startup_n32h487.s
   Uses
      At line 122 in file ..\CORE\startup_n32h487.s
      At line 306 in file ..\CORE\startup_n32h487.s

ADC3_ADC4_IRQHandler 0000001A

Symbol: ADC3_ADC4_IRQHandler
   Definitions
      At line 442 in file ..\CORE\startup_n32h487.s
   Uses
      At line 151 in file ..\CORE\startup_n32h487.s
      At line 335 in file ..\CORE\startup_n32h487.s

ATIM1_BRK_IRQHandler 0000001A

Symbol: ATIM1_BRK_IRQHandler
   Definitions
      At line 419 in file ..\CORE\startup_n32h487.s
   Uses
      At line 128 in file ..\CORE\startup_n32h487.s
      At line 312 in file ..\CORE\startup_n32h487.s

ATIM1_CC_IRQHandler 0000001A

Symbol: ATIM1_CC_IRQHandler
   Definitions
      At line 422 in file ..\CORE\startup_n32h487.s
   Uses
      At line 131 in file ..\CORE\startup_n32h487.s
      At line 315 in file ..\CORE\startup_n32h487.s

ATIM1_TRG_COM_IRQHandler 0000001A

Symbol: ATIM1_TRG_COM_IRQHandler
   Definitions
      At line 421 in file ..\CORE\startup_n32h487.s
   Uses
      At line 130 in file ..\CORE\startup_n32h487.s
      At line 314 in file ..\CORE\startup_n32h487.s

ATIM1_UP_IRQHandler 0000001A

Symbol: ATIM1_UP_IRQHandler
   Definitions
      At line 420 in file ..\CORE\startup_n32h487.s
   Uses



ARM Macro Assembler    Page 2 Alphabetic symbol ordering
Relocatable symbols

      At line 129 in file ..\CORE\startup_n32h487.s
      At line 313 in file ..\CORE\startup_n32h487.s

ATIM2_BRK_IRQHandler 0000001A

Symbol: ATIM2_BRK_IRQHandler
   Definitions
      At line 438 in file ..\CORE\startup_n32h487.s
   Uses
      At line 147 in file ..\CORE\startup_n32h487.s
      At line 331 in file ..\CORE\startup_n32h487.s

ATIM2_CC_IRQHandler 0000001A

Symbol: ATIM2_CC_IRQHandler
   Definitions
      At line 441 in file ..\CORE\startup_n32h487.s
   Uses
      At line 150 in file ..\CORE\startup_n32h487.s
      At line 334 in file ..\CORE\startup_n32h487.s

ATIM2_TRG_COM_IRQHandler 0000001A

Symbol: ATIM2_TRG_COM_IRQHandler
   Definitions
      At line 440 in file ..\CORE\startup_n32h487.s
   Uses
      At line 149 in file ..\CORE\startup_n32h487.s
      At line 333 in file ..\CORE\startup_n32h487.s

ATIM2_UP_IRQHandler 0000001A

Symbol: ATIM2_UP_IRQHandler
   Definitions
      At line 439 in file ..\CORE\startup_n32h487.s
   Uses
      At line 148 in file ..\CORE\startup_n32h487.s
      At line 332 in file ..\CORE\startup_n32h487.s

ATIM3_BRK_IRQHandler 0000001A

Symbol: ATIM3_BRK_IRQHandler
   Definitions
      At line 483 in file ..\CORE\startup_n32h487.s
   Uses
      At line 203 in file ..\CORE\startup_n32h487.s
      At line 376 in file ..\CORE\startup_n32h487.s

ATIM3_CC_IRQHandler 0000001A

Symbol: ATIM3_CC_IRQHandler
   Definitions
      At line 486 in file ..\CORE\startup_n32h487.s
   Uses
      At line 206 in file ..\CORE\startup_n32h487.s
      At line 379 in file ..\CORE\startup_n32h487.s

ATIM3_TRG_COM_IRQHandler 0000001A




ARM Macro Assembler    Page 3 Alphabetic symbol ordering
Relocatable symbols

Symbol: ATIM3_TRG_COM_IRQHandler
   Definitions
      At line 485 in file ..\CORE\startup_n32h487.s
   Uses
      At line 205 in file ..\CORE\startup_n32h487.s
      At line 378 in file ..\CORE\startup_n32h487.s

ATIM3_UP_IRQHandler 0000001A

Symbol: ATIM3_UP_IRQHandler
   Definitions
      At line 484 in file ..\CORE\startup_n32h487.s
   Uses
      At line 204 in file ..\CORE\startup_n32h487.s
      At line 377 in file ..\CORE\startup_n32h487.s

BTIM1_IRQHandler 0000001A

Symbol: BTIM1_IRQHandler
   Definitions
      At line 449 in file ..\CORE\startup_n32h487.s
   Uses
      At line 158 in file ..\CORE\startup_n32h487.s
      At line 342 in file ..\CORE\startup_n32h487.s

BTIM2_IRQHandler 0000001A

Symbol: BTIM2_IRQHandler
   Definitions
      At line 450 in file ..\CORE\startup_n32h487.s
   Uses
      At line 159 in file ..\CORE\startup_n32h487.s
      At line 343 in file ..\CORE\startup_n32h487.s

BusFault_Handler 0000000E

Symbol: BusFault_Handler
   Definitions
      At line 259 in file ..\CORE\startup_n32h487.s
   Uses
      At line 89 in file ..\CORE\startup_n32h487.s
      At line 260 in file ..\CORE\startup_n32h487.s

Cordic_IRQ_IRQHandler 0000001A

Symbol: Cordic_IRQ_IRQHandler
   Definitions
      At line 491 in file ..\CORE\startup_n32h487.s
   Uses
      At line 211 in file ..\CORE\startup_n32h487.s
      At line 384 in file ..\CORE\startup_n32h487.s

DAC1_2_3_4_Underflow_IRQHandler 0000001A

Symbol: DAC1_2_3_4_Underflow_IRQHandler
   Definitions
      At line 498 in file ..\CORE\startup_n32h487.s
   Uses
      At line 218 in file ..\CORE\startup_n32h487.s



ARM Macro Assembler    Page 4 Alphabetic symbol ordering
Relocatable symbols

      At line 391 in file ..\CORE\startup_n32h487.s

DAC5_6_7_8_Underflow_IRQHandler 0000001A

Symbol: DAC5_6_7_8_Underflow_IRQHandler
   Definitions
      At line 499 in file ..\CORE\startup_n32h487.s
   Uses
      At line 219 in file ..\CORE\startup_n32h487.s
      At line 392 in file ..\CORE\startup_n32h487.s

DMA1_Channel1_IRQHandler 0000001A

Symbol: DMA1_Channel1_IRQHandler
   Definitions
      At line 406 in file ..\CORE\startup_n32h487.s
   Uses
      At line 115 in file ..\CORE\startup_n32h487.s
      At line 299 in file ..\CORE\startup_n32h487.s

DMA1_Channel2_IRQHandler 0000001A

Symbol: DMA1_Channel2_IRQHandler
   Definitions
      At line 407 in file ..\CORE\startup_n32h487.s
   Uses
      At line 116 in file ..\CORE\startup_n32h487.s
      At line 300 in file ..\CORE\startup_n32h487.s

DMA1_Channel3_IRQHandler 0000001A

Symbol: DMA1_Channel3_IRQHandler
   Definitions
      At line 408 in file ..\CORE\startup_n32h487.s
   Uses
      At line 117 in file ..\CORE\startup_n32h487.s
      At line 301 in file ..\CORE\startup_n32h487.s

DMA1_Channel4_IRQHandler 0000001A

Symbol: DMA1_Channel4_IRQHandler
   Definitions
      At line 409 in file ..\CORE\startup_n32h487.s
   Uses
      At line 118 in file ..\CORE\startup_n32h487.s
      At line 302 in file ..\CORE\startup_n32h487.s

DMA1_Channel5_IRQHandler 0000001A

Symbol: DMA1_Channel5_IRQHandler
   Definitions
      At line 410 in file ..\CORE\startup_n32h487.s
   Uses
      At line 119 in file ..\CORE\startup_n32h487.s
      At line 303 in file ..\CORE\startup_n32h487.s

DMA1_Channel6_IRQHandler 0000001A

Symbol: DMA1_Channel6_IRQHandler



ARM Macro Assembler    Page 5 Alphabetic symbol ordering
Relocatable symbols

   Definitions
      At line 411 in file ..\CORE\startup_n32h487.s
   Uses
      At line 120 in file ..\CORE\startup_n32h487.s
      At line 304 in file ..\CORE\startup_n32h487.s

DMA1_Channel7_IRQHandler 0000001A

Symbol: DMA1_Channel7_IRQHandler
   Definitions
      At line 412 in file ..\CORE\startup_n32h487.s
   Uses
      At line 121 in file ..\CORE\startup_n32h487.s
      At line 305 in file ..\CORE\startup_n32h487.s

DMA1_Channel8_IRQHandler 0000001A

Symbol: DMA1_Channel8_IRQHandler
   Definitions
      At line 470 in file ..\CORE\startup_n32h487.s
   Uses
      At line 180 in file ..\CORE\startup_n32h487.s
      At line 363 in file ..\CORE\startup_n32h487.s

DMA2_Channel1_IRQHandler 0000001A

Symbol: DMA2_Channel1_IRQHandler
   Definitions
      At line 451 in file ..\CORE\startup_n32h487.s
   Uses
      At line 160 in file ..\CORE\startup_n32h487.s
      At line 344 in file ..\CORE\startup_n32h487.s

DMA2_Channel2_IRQHandler 0000001A

Symbol: DMA2_Channel2_IRQHandler
   Definitions
      At line 452 in file ..\CORE\startup_n32h487.s
   Uses
      At line 161 in file ..\CORE\startup_n32h487.s
      At line 345 in file ..\CORE\startup_n32h487.s

DMA2_Channel3_IRQHandler 0000001A

Symbol: DMA2_Channel3_IRQHandler
   Definitions
      At line 453 in file ..\CORE\startup_n32h487.s
   Uses
      At line 162 in file ..\CORE\startup_n32h487.s
      At line 346 in file ..\CORE\startup_n32h487.s

DMA2_Channel4_IRQHandler 0000001A

Symbol: DMA2_Channel4_IRQHandler
   Definitions
      At line 454 in file ..\CORE\startup_n32h487.s
   Uses
      At line 163 in file ..\CORE\startup_n32h487.s
      At line 347 in file ..\CORE\startup_n32h487.s



ARM Macro Assembler    Page 6 Alphabetic symbol ordering
Relocatable symbols


DMA2_Channel5_IRQHandler 0000001A

Symbol: DMA2_Channel5_IRQHandler
   Definitions
      At line 455 in file ..\CORE\startup_n32h487.s
   Uses
      At line 164 in file ..\CORE\startup_n32h487.s
      At line 348 in file ..\CORE\startup_n32h487.s

DMA2_Channel6_IRQHandler 0000001A

Symbol: DMA2_Channel6_IRQHandler
   Definitions
      At line 462 in file ..\CORE\startup_n32h487.s
   Uses
      At line 172 in file ..\CORE\startup_n32h487.s
      At line 355 in file ..\CORE\startup_n32h487.s

DMA2_Channel7_IRQHandler 0000001A

Symbol: DMA2_Channel7_IRQHandler
   Definitions
      At line 463 in file ..\CORE\startup_n32h487.s
   Uses
      At line 173 in file ..\CORE\startup_n32h487.s
      At line 356 in file ..\CORE\startup_n32h487.s

DMA2_Channel8_IRQHandler 0000001A

Symbol: DMA2_Channel8_IRQHandler
   Definitions
      At line 471 in file ..\CORE\startup_n32h487.s
   Uses
      At line 181 in file ..\CORE\startup_n32h487.s
      At line 364 in file ..\CORE\startup_n32h487.s

DVP_IRQHandler 0000001A

Symbol: DVP_IRQHandler
   Definitions
      At line 472 in file ..\CORE\startup_n32h487.s
   Uses
      At line 182 in file ..\CORE\startup_n32h487.s
      At line 365 in file ..\CORE\startup_n32h487.s

DebugMon_Handler 00000014

Symbol: DebugMon_Handler
   Definitions
      At line 273 in file ..\CORE\startup_n32h487.s
   Uses
      At line 96 in file ..\CORE\startup_n32h487.s
      At line 274 in file ..\CORE\startup_n32h487.s

Default_Handler 0000001A

Symbol: Default_Handler
   Definitions



ARM Macro Assembler    Page 7 Alphabetic symbol ordering
Relocatable symbols

      At line 286 in file ..\CORE\startup_n32h487.s
   Uses
      None
Comment: Default_Handler unused
ETH_IRQHandler 0000001A

Symbol: ETH_IRQHandler
   Definitions
      At line 480 in file ..\CORE\startup_n32h487.s
   Uses
      At line 191 in file ..\CORE\startup_n32h487.s
      At line 373 in file ..\CORE\startup_n32h487.s

ETH_WKUP_IRQHandler 0000001A

Symbol: ETH_WKUP_IRQHandler
   Definitions
      At line 481 in file ..\CORE\startup_n32h487.s
   Uses
      At line 192 in file ..\CORE\startup_n32h487.s
      At line 374 in file ..\CORE\startup_n32h487.s

EXTI0_IRQHandler 0000001A

Symbol: EXTI0_IRQHandler
   Definitions
      At line 401 in file ..\CORE\startup_n32h487.s
   Uses
      At line 110 in file ..\CORE\startup_n32h487.s
      At line 294 in file ..\CORE\startup_n32h487.s

EXTI15_10_IRQHandler 0000001A

Symbol: EXTI15_10_IRQHandler
   Definitions
      At line 435 in file ..\CORE\startup_n32h487.s
   Uses
      At line 144 in file ..\CORE\startup_n32h487.s
      At line 328 in file ..\CORE\startup_n32h487.s

EXTI1_IRQHandler 0000001A

Symbol: EXTI1_IRQHandler
   Definitions
      At line 402 in file ..\CORE\startup_n32h487.s
   Uses
      At line 111 in file ..\CORE\startup_n32h487.s
      At line 295 in file ..\CORE\startup_n32h487.s

EXTI2_IRQHandler 0000001A

Symbol: EXTI2_IRQHandler
   Definitions
      At line 403 in file ..\CORE\startup_n32h487.s
   Uses
      At line 112 in file ..\CORE\startup_n32h487.s
      At line 296 in file ..\CORE\startup_n32h487.s

EXTI3_IRQHandler 0000001A



ARM Macro Assembler    Page 8 Alphabetic symbol ordering
Relocatable symbols


Symbol: EXTI3_IRQHandler
   Definitions
      At line 404 in file ..\CORE\startup_n32h487.s
   Uses
      At line 113 in file ..\CORE\startup_n32h487.s
      At line 297 in file ..\CORE\startup_n32h487.s

EXTI4_IRQHandler 0000001A

Symbol: EXTI4_IRQHandler
   Definitions
      At line 405 in file ..\CORE\startup_n32h487.s
   Uses
      At line 114 in file ..\CORE\startup_n32h487.s
      At line 298 in file ..\CORE\startup_n32h487.s

EXTI9_5_IRQHandler 0000001A

Symbol: EXTI9_5_IRQHandler
   Definitions
      At line 418 in file ..\CORE\startup_n32h487.s
   Uses
      At line 127 in file ..\CORE\startup_n32h487.s
      At line 311 in file ..\CORE\startup_n32h487.s

FDCAN1_INT0_IRQHandler 0000001A

Symbol: FDCAN1_INT0_IRQHandler
   Definitions
      At line 416 in file ..\CORE\startup_n32h487.s
   Uses
      At line 125 in file ..\CORE\startup_n32h487.s
      At line 309 in file ..\CORE\startup_n32h487.s

FDCAN1_INT1_IRQHandler 0000001A

Symbol: FDCAN1_INT1_IRQHandler
   Definitions
      At line 417 in file ..\CORE\startup_n32h487.s
   Uses
      At line 126 in file ..\CORE\startup_n32h487.s
      At line 310 in file ..\CORE\startup_n32h487.s

FDCAN2_INT0_IRQHandler 0000001A

Symbol: FDCAN2_INT0_IRQHandler
   Definitions
      At line 457 in file ..\CORE\startup_n32h487.s
   Uses
      At line 167 in file ..\CORE\startup_n32h487.s
      At line 350 in file ..\CORE\startup_n32h487.s

FDCAN2_INT1_IRQHandler 0000001A

Symbol: FDCAN2_INT1_IRQHandler
   Definitions
      At line 458 in file ..\CORE\startup_n32h487.s
   Uses



ARM Macro Assembler    Page 9 Alphabetic symbol ordering
Relocatable symbols

      At line 168 in file ..\CORE\startup_n32h487.s
      At line 351 in file ..\CORE\startup_n32h487.s

FDCAN3_INT0_IRQHandler 0000001A

Symbol: FDCAN3_INT0_IRQHandler
   Definitions
      At line 459 in file ..\CORE\startup_n32h487.s
   Uses
      At line 169 in file ..\CORE\startup_n32h487.s
      At line 352 in file ..\CORE\startup_n32h487.s

FDCAN3_INT1_IRQHandler 0000001A

Symbol: FDCAN3_INT1_IRQHandler
   Definitions
      At line 460 in file ..\CORE\startup_n32h487.s
   Uses
      At line 170 in file ..\CORE\startup_n32h487.s
      At line 353 in file ..\CORE\startup_n32h487.s

FEMC_IRQHandler 0000001A

Symbol: FEMC_IRQHandler
   Definitions
      At line 501 in file ..\CORE\startup_n32h487.s
   Uses
      At line 221 in file ..\CORE\startup_n32h487.s
      At line 394 in file ..\CORE\startup_n32h487.s

FLASH_IRQHandler 0000001A

Symbol: FLASH_IRQHandler
   Definitions
      At line 399 in file ..\CORE\startup_n32h487.s
   Uses
      At line 108 in file ..\CORE\startup_n32h487.s
      At line 292 in file ..\CORE\startup_n32h487.s

FMAC_IRQ_IRQHandler 0000001A

Symbol: FMAC_IRQ_IRQHandler
   Definitions
      At line 490 in file ..\CORE\startup_n32h487.s
   Uses
      At line 210 in file ..\CORE\startup_n32h487.s
      At line 383 in file ..\CORE\startup_n32h487.s

GTIM10_IRQHandler 0000001A

Symbol: GTIM10_IRQHandler
   Definitions
      At line 497 in file ..\CORE\startup_n32h487.s
   Uses
      At line 217 in file ..\CORE\startup_n32h487.s
      At line 390 in file ..\CORE\startup_n32h487.s

GTIM1_IRQHandler 0000001A




ARM Macro Assembler    Page 10 Alphabetic symbol ordering
Relocatable symbols

Symbol: GTIM1_IRQHandler
   Definitions
      At line 423 in file ..\CORE\startup_n32h487.s
   Uses
      At line 132 in file ..\CORE\startup_n32h487.s
      At line 316 in file ..\CORE\startup_n32h487.s

GTIM2_IRQHandler 0000001A

Symbol: GTIM2_IRQHandler
   Definitions
      At line 424 in file ..\CORE\startup_n32h487.s
   Uses
      At line 133 in file ..\CORE\startup_n32h487.s
      At line 317 in file ..\CORE\startup_n32h487.s

GTIM3_IRQHandler 0000001A

Symbol: GTIM3_IRQHandler
   Definitions
      At line 425 in file ..\CORE\startup_n32h487.s
   Uses
      At line 134 in file ..\CORE\startup_n32h487.s
      At line 318 in file ..\CORE\startup_n32h487.s

GTIM4_IRQHandler 0000001A

Symbol: GTIM4_IRQHandler
   Definitions
      At line 445 in file ..\CORE\startup_n32h487.s
   Uses
      At line 154 in file ..\CORE\startup_n32h487.s
      At line 338 in file ..\CORE\startup_n32h487.s

GTIM5_IRQHandler 0000001A

Symbol: GTIM5_IRQHandler
   Definitions
      At line 482 in file ..\CORE\startup_n32h487.s
   Uses
      At line 193 in file ..\CORE\startup_n32h487.s
      At line 375 in file ..\CORE\startup_n32h487.s

GTIM6_IRQHandler 0000001A

Symbol: GTIM6_IRQHandler
   Definitions
      At line 487 in file ..\CORE\startup_n32h487.s
   Uses
      At line 207 in file ..\CORE\startup_n32h487.s
      At line 380 in file ..\CORE\startup_n32h487.s

GTIM7_IRQHandler 0000001A

Symbol: GTIM7_IRQHandler
   Definitions
      At line 494 in file ..\CORE\startup_n32h487.s
   Uses
      At line 214 in file ..\CORE\startup_n32h487.s



ARM Macro Assembler    Page 11 Alphabetic symbol ordering
Relocatable symbols

      At line 387 in file ..\CORE\startup_n32h487.s

GTIM8_IRQHandler 0000001A

Symbol: GTIM8_IRQHandler
   Definitions
      At line 495 in file ..\CORE\startup_n32h487.s
   Uses
      At line 215 in file ..\CORE\startup_n32h487.s
      At line 388 in file ..\CORE\startup_n32h487.s

GTIM9_IRQHandler 0000001A

Symbol: GTIM9_IRQHandler
   Definitions
      At line 496 in file ..\CORE\startup_n32h487.s
   Uses
      At line 216 in file ..\CORE\startup_n32h487.s
      At line 389 in file ..\CORE\startup_n32h487.s

HardFault_Handler 0000000A

Symbol: HardFault_Handler
   Definitions
      At line 249 in file ..\CORE\startup_n32h487.s
   Uses
      At line 87 in file ..\CORE\startup_n32h487.s
      At line 250 in file ..\CORE\startup_n32h487.s

I2C1_ER_IRQHandler 0000001A

Symbol: I2C1_ER_IRQHandler
   Definitions
      At line 427 in file ..\CORE\startup_n32h487.s
   Uses
      At line 136 in file ..\CORE\startup_n32h487.s
      At line 320 in file ..\CORE\startup_n32h487.s

I2C1_EV_IRQHandler 0000001A

Symbol: I2C1_EV_IRQHandler
   Definitions
      At line 426 in file ..\CORE\startup_n32h487.s
   Uses
      At line 135 in file ..\CORE\startup_n32h487.s
      At line 319 in file ..\CORE\startup_n32h487.s

I2C2_ER_IRQHandler 0000001A

Symbol: I2C2_ER_IRQHandler
   Definitions
      At line 429 in file ..\CORE\startup_n32h487.s
   Uses
      At line 138 in file ..\CORE\startup_n32h487.s
      At line 322 in file ..\CORE\startup_n32h487.s

I2C2_EV_IRQHandler 0000001A

Symbol: I2C2_EV_IRQHandler



ARM Macro Assembler    Page 12 Alphabetic symbol ordering
Relocatable symbols

   Definitions
      At line 428 in file ..\CORE\startup_n32h487.s
   Uses
      At line 137 in file ..\CORE\startup_n32h487.s
      At line 321 in file ..\CORE\startup_n32h487.s

I2C3_ER_IRQHandler 0000001A

Symbol: I2C3_ER_IRQHandler
   Definitions
      At line 465 in file ..\CORE\startup_n32h487.s
   Uses
      At line 175 in file ..\CORE\startup_n32h487.s
      At line 358 in file ..\CORE\startup_n32h487.s

I2C3_EV_IRQHandler 0000001A

Symbol: I2C3_EV_IRQHandler
   Definitions
      At line 464 in file ..\CORE\startup_n32h487.s
   Uses
      At line 174 in file ..\CORE\startup_n32h487.s
      At line 357 in file ..\CORE\startup_n32h487.s

I2C4_ER_IRQHandler 0000001A

Symbol: I2C4_ER_IRQHandler
   Definitions
      At line 467 in file ..\CORE\startup_n32h487.s
   Uses
      At line 177 in file ..\CORE\startup_n32h487.s
      At line 360 in file ..\CORE\startup_n32h487.s

I2C4_EV_IRQHandler 0000001A

Symbol: I2C4_EV_IRQHandler
   Definitions
      At line 466 in file ..\CORE\startup_n32h487.s
   Uses
      At line 176 in file ..\CORE\startup_n32h487.s
      At line 359 in file ..\CORE\startup_n32h487.s

LPTIM1_WKUP_IRQHandler 0000001A

Symbol: LPTIM1_WKUP_IRQHandler
   Definitions
      At line 488 in file ..\CORE\startup_n32h487.s
   Uses
      At line 208 in file ..\CORE\startup_n32h487.s
      At line 381 in file ..\CORE\startup_n32h487.s

LPTIM2_WKUP_IRQHandler 0000001A

Symbol: LPTIM2_WKUP_IRQHandler
   Definitions
      At line 489 in file ..\CORE\startup_n32h487.s
   Uses
      At line 209 in file ..\CORE\startup_n32h487.s
      At line 382 in file ..\CORE\startup_n32h487.s



ARM Macro Assembler    Page 13 Alphabetic symbol ordering
Relocatable symbols


MemManage_Handler 0000000C

Symbol: MemManage_Handler
   Definitions
      At line 254 in file ..\CORE\startup_n32h487.s
   Uses
      At line 88 in file ..\CORE\startup_n32h487.s
      At line 255 in file ..\CORE\startup_n32h487.s

NMI_Handler 00000008

Symbol: NMI_Handler
   Definitions
      At line 244 in file ..\CORE\startup_n32h487.s
   Uses
      At line 86 in file ..\CORE\startup_n32h487.s
      At line 245 in file ..\CORE\startup_n32h487.s

PVD_IRQHandler 0000001A

Symbol: PVD_IRQHandler
   Definitions
      At line 396 in file ..\CORE\startup_n32h487.s
   Uses
      At line 105 in file ..\CORE\startup_n32h487.s
      At line 289 in file ..\CORE\startup_n32h487.s

PendSV_Handler 00000016

Symbol: PendSV_Handler
   Definitions
      At line 277 in file ..\CORE\startup_n32h487.s
   Uses
      At line 98 in file ..\CORE\startup_n32h487.s
      At line 278 in file ..\CORE\startup_n32h487.s

RCC_IRQHandler 0000001A

Symbol: RCC_IRQHandler
   Definitions
      At line 400 in file ..\CORE\startup_n32h487.s
   Uses
      At line 109 in file ..\CORE\startup_n32h487.s
      At line 293 in file ..\CORE\startup_n32h487.s

RTCAlarm_IRQHandler 0000001A

Symbol: RTCAlarm_IRQHandler
   Definitions
      At line 436 in file ..\CORE\startup_n32h487.s
   Uses
      At line 145 in file ..\CORE\startup_n32h487.s
      At line 329 in file ..\CORE\startup_n32h487.s

RTC_TAMPER_IRQHandler 0000001A

Symbol: RTC_TAMPER_IRQHandler
   Definitions



ARM Macro Assembler    Page 14 Alphabetic symbol ordering
Relocatable symbols

      At line 397 in file ..\CORE\startup_n32h487.s
   Uses
      At line 106 in file ..\CORE\startup_n32h487.s
      At line 290 in file ..\CORE\startup_n32h487.s

RTC_WKUP_IRQHandler 0000001A

Symbol: RTC_WKUP_IRQHandler
   Definitions
      At line 398 in file ..\CORE\startup_n32h487.s
   Uses
      At line 107 in file ..\CORE\startup_n32h487.s
      At line 291 in file ..\CORE\startup_n32h487.s

Reset_Handler 00000000

Symbol: Reset_Handler
   Definitions
      At line 232 in file ..\CORE\startup_n32h487.s
   Uses
      At line 85 in file ..\CORE\startup_n32h487.s
      At line 233 in file ..\CORE\startup_n32h487.s

SAC_IRQHandler 0000001A

Symbol: SAC_IRQHandler
   Definitions
      At line 473 in file ..\CORE\startup_n32h487.s
   Uses
      At line 183 in file ..\CORE\startup_n32h487.s
      At line 366 in file ..\CORE\startup_n32h487.s

SDIO_IRQHandler 0000001A

Symbol: SDIO_IRQHandler
   Definitions
      At line 444 in file ..\CORE\startup_n32h487.s
   Uses
      At line 153 in file ..\CORE\startup_n32h487.s
      At line 337 in file ..\CORE\startup_n32h487.s

SMPU_IRQHandler 0000001A

Symbol: SMPU_IRQHandler
   Definitions
      At line 474 in file ..\CORE\startup_n32h487.s
   Uses
      At line 184 in file ..\CORE\startup_n32h487.s
      At line 367 in file ..\CORE\startup_n32h487.s

SPI1_IRQHandler 0000001A

Symbol: SPI1_IRQHandler
   Definitions
      At line 430 in file ..\CORE\startup_n32h487.s
   Uses
      At line 139 in file ..\CORE\startup_n32h487.s
      At line 323 in file ..\CORE\startup_n32h487.s




ARM Macro Assembler    Page 15 Alphabetic symbol ordering
Relocatable symbols

SPI2_I2S2_IRQHandler 0000001A

Symbol: SPI2_I2S2_IRQHandler
   Definitions
      At line 431 in file ..\CORE\startup_n32h487.s
   Uses
      At line 140 in file ..\CORE\startup_n32h487.s
      At line 324 in file ..\CORE\startup_n32h487.s

SPI3_I2S3_IRQHandler 0000001A

Symbol: SPI3_I2S3_IRQHandler
   Definitions
      At line 446 in file ..\CORE\startup_n32h487.s
   Uses
      At line 155 in file ..\CORE\startup_n32h487.s
      At line 339 in file ..\CORE\startup_n32h487.s

SPI4_IRQHandler 0000001A

Symbol: SPI4_IRQHandler
   Definitions
      At line 479 in file ..\CORE\startup_n32h487.s
   Uses
      At line 190 in file ..\CORE\startup_n32h487.s
      At line 372 in file ..\CORE\startup_n32h487.s

SPI5_IRQHandler 0000001A

Symbol: SPI5_IRQHandler
   Definitions
      At line 492 in file ..\CORE\startup_n32h487.s
   Uses
      At line 212 in file ..\CORE\startup_n32h487.s
      At line 385 in file ..\CORE\startup_n32h487.s

SPI6_IRQHandler 0000001A

Symbol: SPI6_IRQHandler
   Definitions
      At line 493 in file ..\CORE\startup_n32h487.s
   Uses
      At line 213 in file ..\CORE\startup_n32h487.s
      At line 386 in file ..\CORE\startup_n32h487.s

SRAM_ERR_IRQHandler 0000001A

Symbol: SRAM_ERR_IRQHandler
   Definitions
      At line 456 in file ..\CORE\startup_n32h487.s
   Uses
      At line 165 in file ..\CORE\startup_n32h487.s
      At line 349 in file ..\CORE\startup_n32h487.s

SVC_Handler 00000012

Symbol: SVC_Handler
   Definitions
      At line 268 in file ..\CORE\startup_n32h487.s



ARM Macro Assembler    Page 16 Alphabetic symbol ordering
Relocatable symbols

   Uses
      At line 95 in file ..\CORE\startup_n32h487.s
      At line 269 in file ..\CORE\startup_n32h487.s

SysTick_Handler 00000018

Symbol: SysTick_Handler
   Definitions
      At line 281 in file ..\CORE\startup_n32h487.s
   Uses
      At line 99 in file ..\CORE\startup_n32h487.s
      At line 282 in file ..\CORE\startup_n32h487.s

UART5_IRQHandler 0000001A

Symbol: UART5_IRQHandler
   Definitions
      At line 448 in file ..\CORE\startup_n32h487.s
   Uses
      At line 157 in file ..\CORE\startup_n32h487.s
      At line 341 in file ..\CORE\startup_n32h487.s

UART6_IRQHandler 0000001A

Symbol: UART6_IRQHandler
   Definitions
      At line 468 in file ..\CORE\startup_n32h487.s
   Uses
      At line 178 in file ..\CORE\startup_n32h487.s
      At line 361 in file ..\CORE\startup_n32h487.s

UART7_IRQHandler 0000001A

Symbol: UART7_IRQHandler
   Definitions
      At line 469 in file ..\CORE\startup_n32h487.s
   Uses
      At line 179 in file ..\CORE\startup_n32h487.s
      At line 362 in file ..\CORE\startup_n32h487.s

UART8_IRQHandler 0000001A

Symbol: UART8_IRQHandler
   Definitions
      At line 478 in file ..\CORE\startup_n32h487.s
   Uses
      At line 189 in file ..\CORE\startup_n32h487.s
      At line 371 in file ..\CORE\startup_n32h487.s

UCDR_IRQHandler 0000001A

Symbol: UCDR_IRQHandler
   Definitions
      At line 443 in file ..\CORE\startup_n32h487.s
   Uses
      At line 152 in file ..\CORE\startup_n32h487.s
      At line 336 in file ..\CORE\startup_n32h487.s

USART1_IRQHandler 0000001A



ARM Macro Assembler    Page 17 Alphabetic symbol ordering
Relocatable symbols


Symbol: USART1_IRQHandler
   Definitions
      At line 432 in file ..\CORE\startup_n32h487.s
   Uses
      At line 141 in file ..\CORE\startup_n32h487.s
      At line 325 in file ..\CORE\startup_n32h487.s

USART2_IRQHandler 0000001A

Symbol: USART2_IRQHandler
   Definitions
      At line 433 in file ..\CORE\startup_n32h487.s
   Uses
      At line 142 in file ..\CORE\startup_n32h487.s
      At line 326 in file ..\CORE\startup_n32h487.s

USART3_IRQHandler 0000001A

Symbol: USART3_IRQHandler
   Definitions
      At line 434 in file ..\CORE\startup_n32h487.s
   Uses
      At line 143 in file ..\CORE\startup_n32h487.s
      At line 327 in file ..\CORE\startup_n32h487.s

USART4_IRQHandler 0000001A

Symbol: USART4_IRQHandler
   Definitions
      At line 447 in file ..\CORE\startup_n32h487.s
   Uses
      At line 156 in file ..\CORE\startup_n32h487.s
      At line 340 in file ..\CORE\startup_n32h487.s

USB_FS_HP_IRQHandler 0000001A

Symbol: USB_FS_HP_IRQHandler
   Definitions
      At line 414 in file ..\CORE\startup_n32h487.s
   Uses
      At line 123 in file ..\CORE\startup_n32h487.s
      At line 307 in file ..\CORE\startup_n32h487.s

USB_FS_LP_IRQHandler 0000001A

Symbol: USB_FS_LP_IRQHandler
   Definitions
      At line 415 in file ..\CORE\startup_n32h487.s
   Uses
      At line 124 in file ..\CORE\startup_n32h487.s
      At line 308 in file ..\CORE\startup_n32h487.s

USB_FS_WKUP_IRQHandler 0000001A

Symbol: USB_FS_WKUP_IRQHandler
   Definitions
      At line 437 in file ..\CORE\startup_n32h487.s
   Uses



ARM Macro Assembler    Page 18 Alphabetic symbol ordering
Relocatable symbols

      At line 146 in file ..\CORE\startup_n32h487.s
      At line 330 in file ..\CORE\startup_n32h487.s

USB_HS_EPx_IN_IRQHandler 0000001A

Symbol: USB_HS_EPx_IN_IRQHandler
   Definitions
      At line 476 in file ..\CORE\startup_n32h487.s
   Uses
      At line 187 in file ..\CORE\startup_n32h487.s
      At line 369 in file ..\CORE\startup_n32h487.s

USB_HS_EPx_OUT_IRQHandler 0000001A

Symbol: USB_HS_EPx_OUT_IRQHandler
   Definitions
      At line 475 in file ..\CORE\startup_n32h487.s
   Uses
      At line 186 in file ..\CORE\startup_n32h487.s
      At line 368 in file ..\CORE\startup_n32h487.s

USB_HS_IRQHandler 0000001A

Symbol: USB_HS_IRQHandler
   Definitions
      At line 500 in file ..\CORE\startup_n32h487.s
   Uses
      At line 220 in file ..\CORE\startup_n32h487.s
      At line 393 in file ..\CORE\startup_n32h487.s

USB_HS_WKUP_IRQHandler 0000001A

Symbol: USB_HS_WKUP_IRQHandler
   Definitions
      At line 477 in file ..\CORE\startup_n32h487.s
   Uses
      At line 188 in file ..\CORE\startup_n32h487.s
      At line 370 in file ..\CORE\startup_n32h487.s

UsageFault_Handler 00000010

Symbol: UsageFault_Handler
   Definitions
      At line 264 in file ..\CORE\startup_n32h487.s
   Uses
      At line 90 in file ..\CORE\startup_n32h487.s
      At line 265 in file ..\CORE\startup_n32h487.s

WWDG_IRQHandler 0000001A

Symbol: WWDG_IRQHandler
   Definitions
      At line 395 in file ..\CORE\startup_n32h487.s
   Uses
      At line 104 in file ..\CORE\startup_n32h487.s
      At line 288 in file ..\CORE\startup_n32h487.s

XSPI_IRQHandler 0000001A




ARM Macro Assembler    Page 19 Alphabetic symbol ordering
Relocatable symbols

Symbol: XSPI_IRQHandler
   Definitions
      At line 461 in file ..\CORE\startup_n32h487.s
   Uses
      At line 171 in file ..\CORE\startup_n32h487.s
      At line 354 in file ..\CORE\startup_n32h487.s

__user_initial_stackheap 0000001C

Symbol: __user_initial_stackheap
   Definitions
      At line 522 in file ..\CORE\startup_n32h487.s
   Uses
      At line 520 in file ..\CORE\startup_n32h487.s
Comment: __user_initial_stackheap used once
120 symbols



ARM Macro Assembler    Page 1 Alphabetic symbol ordering
Absolute symbols

Heap_Size 00000200

Symbol: Heap_Size
   Definitions
      At line 64 in file ..\CORE\startup_n32h487.s
   Uses
      At line 68 in file ..\CORE\startup_n32h487.s
      At line 526 in file ..\CORE\startup_n32h487.s

Stack_Size 00001000

Symbol: Stack_Size
   Definitions
      At line 54 in file ..\CORE\startup_n32h487.s
   Uses
      At line 57 in file ..\CORE\startup_n32h487.s
      At line 525 in file ..\CORE\startup_n32h487.s

__Vectors_Size 00000218

Symbol: __Vectors_Size
   Definitions
      At line 227 in file ..\CORE\startup_n32h487.s
   Uses
      At line 79 in file ..\CORE\startup_n32h487.s
Comment: __Vectors_Size used once
3 symbols



ARM Macro Assembler    Page 1 Alphabetic symbol ordering
External symbols

SystemInit 00000000

Symbol: SystemInit
   Definitions
      At line 235 in file ..\CORE\startup_n32h487.s
   Uses
      At line 236 in file ..\CORE\startup_n32h487.s
Comment: SystemInit used once
__main 00000000

Symbol: __main
   Definitions
      At line 234 in file ..\CORE\startup_n32h487.s
   Uses
      At line 238 in file ..\CORE\startup_n32h487.s
Comment: __main used once
__use_two_region_memory 00000000

Symbol: __use_two_region_memory
   Definitions
      At line 519 in file ..\CORE\startup_n32h487.s
   Uses
      None
Comment: __use_two_region_memory unused
3 symbols
474 symbols in table
